app/build/intermediates/proguard-rules/release/aapt_rules.txt
# Referenced at res\layout\activity_download_details.xml:14
-keep class android.support.v4.view.PagerTabStrip { <init>(...); }

# Referenced at res\layout\activity_download_details.xml:7
-keep class android.support.v4.view.ViewPager { <init>(...); }

# Referenced at res\menu\menu_download.xml:4
-keep class android.widget.SearchView { <init>(...); }

# Referenced at res\layout\tab_downloader.xml:9
-keep class com.emilsjolander.components.stickylistheaders.StickyListHeadersListView { <init>(...); }

# Referenced at full\release\AndroidManifest.xml:43
-keep class de.robv.android.xposed.installer.CustomActivity { <init>(...); }

# Referenced at full\release\AndroidManifest.xml:67
-keep class de.robv.android.xposed.installer.DownloadDetailsActivity { <init>(...); }

# Referenced at full\release\AndroidManifest.xml:102
-keep class de.robv.android.xposed.installer.DownloadReceiver { <init>(...); }

# Referenced at full\release\AndroidManifest.xml:91
-keep class de.robv.android.xposed.installer.PackageChangeReceiver { <init>(...); }

# Referenced at full\release\AndroidManifest.xml:22
-keep class de.robv.android.xposed.installer.WelcomeActivity { <init>(...); }

# Referenced at full\release\AndroidManifest.xml:16
-keep class de.robv.android.xposed.installer.XposedApp { <init>(...); }

# Referenced at full\release\AndroidManifest.xml:57
-keep class de.robv.android.xposed.installer.XposedInstallerActivity { <init>(...); }

# Referenced at full\release\AndroidManifest.xml:110
-keep class de.robv.android.xposed.installer.util.NotificationUtil$RebootReceiver { <init>(...); }

# Referenced at res\layout\list_item_version.xml:64
-keep class de.robv.android.xposed.installer.widget.DownloadView { <init>(...); }

# Referenced at res\xml\prefs.xml:7
# Referenced at res\xml\prefs.xml:36
-keep class de.robv.android.xposed.installer.widget.IntegerListPreference { <init>(...); }

# Referenced at res\xml\module_prefs.xml:4
# Referenced at res\xml\prefs.xml:24
-keep class de.robv.android.xposed.installer.widget.ListPreferenceSummaryFix { <init>(...); }