app/build/outputs/mapping/release/seeds.txt
de.robv.android.xposed.installer.CustomActivity
de.robv.android.xposed.installer.CustomActivity: CustomActivity()
de.robv.android.xposed.installer.DownloadDetailsActivity
de.robv.android.xposed.installer.DownloadDetailsActivity: DownloadDetailsActivity()
de.robv.android.xposed.installer.DownloadReceiver
de.robv.android.xposed.installer.DownloadReceiver: DownloadReceiver()
de.robv.android.xposed.installer.PackageChangeReceiver
de.robv.android.xposed.installer.PackageChangeReceiver: PackageChangeReceiver()
de.robv.android.xposed.installer.R$anim: int slide_in_left
de.robv.android.xposed.installer.R$anim: int slide_in_right
de.robv.android.xposed.installer.R$anim: int slide_out_left
de.robv.android.xposed.installer.R$anim: int slide_out_right
de.robv.android.xposed.installer.R$array: int download_sort_order
de.robv.android.xposed.installer.R$array: int install_mode_texts
de.robv.android.xposed.installer.R$array: int install_mode_values
de.robv.android.xposed.installer.R$array: int module_release_type_texts
de.robv.android.xposed.installer.R$array: int module_release_type_values
de.robv.android.xposed.installer.R$array: int release_type_texts
de.robv.android.xposed.installer.R$array: int release_type_values
de.robv.android.xposed.installer.R$array: int theme_texts
de.robv.android.xposed.installer.R$array: int theme_values
de.robv.android.xposed.installer.R$attr: int background_card
de.robv.android.xposed.installer.R$attr: int background_card_pressed
de.robv.android.xposed.installer.R$attr: int download_status_installed
de.robv.android.xposed.installer.R$attr: int pager_tab_strip_bg
de.robv.android.xposed.installer.R$attr: int text_important
de.robv.android.xposed.installer.R$color: int app_background_black
de.robv.android.xposed.installer.R$color: int app_background_light
de.robv.android.xposed.installer.R$color: int card_background_black
de.robv.android.xposed.installer.R$color: int card_background_dark
de.robv.android.xposed.installer.R$color: int card_background_light
de.robv.android.xposed.installer.R$color: int card_background_pressed_black
de.robv.android.xposed.installer.R$color: int card_background_pressed_dark
de.robv.android.xposed.installer.R$color: int card_background_pressed_light
de.robv.android.xposed.installer.R$color: int card_shadow_black
de.robv.android.xposed.installer.R$color: int card_shadow_dark
de.robv.android.xposed.installer.R$color: int card_shadow_light
de.robv.android.xposed.installer.R$color: int darker_green
de.robv.android.xposed.installer.R$color: int download_details_title
de.robv.android.xposed.installer.R$color: int download_status_update_available
de.robv.android.xposed.installer.R$color: int list_header
de.robv.android.xposed.installer.R$color: int pager_tab_strip
de.robv.android.xposed.installer.R$color: int pager_tab_strip_bg_dark
de.robv.android.xposed.installer.R$color: int pager_tab_strip_bg_light
de.robv.android.xposed.installer.R$color: int warning
de.robv.android.xposed.installer.R$color: int warning_box
de.robv.android.xposed.installer.R$color: int welcome_framework_update_available
de.robv.android.xposed.installer.R$color: int welcome_update_available
...
android.support.v4.content.ModernAsyncTask$Status: android.support.v4.content.ModernAsyncTask$Status[] values()
android.support.v4.content.ModernAsyncTask$Status: android.support.v4.content.ModernAsyncTask$Status valueOf(java.lang.String)
android.support.v4.view.PagerTabStrip
android.support.v4.view.PagerTabStrip: PagerTabStrip(android.content.Context)
android.support.v4.view.PagerTabStrip: PagerTabStrip(android.content.Context,android.util.AttributeSet)
android.support.v4.view.PagerTitleStrip: PagerTitleStrip(android.content.Context)
android.support.v4.view.PagerTitleStrip: PagerTitleStrip(android.content.Context,android.util.AttributeSet)
android.support.v4.view.ViewPager
android.support.v4.view.ViewPager: ViewPager(android.content.Context)
android.support.v4.view.ViewPager: ViewPager(android.content.Context,android.util.AttributeSet)
com.emilsjolander.components.stickylistheaders.StickyListHeadersListView
com.emilsjolander.components.stickylistheaders.StickyListHeadersListView: StickyListHeadersListView(android.content.Context)
com.emilsjolander.components.stickylistheaders.StickyListHeadersListView: StickyListHeadersListView(android.content.Context,android.util.AttributeSet)
com.emilsjolander.components.stickylistheaders.StickyListHeadersListView: StickyListHeadersListView(android.content.Context,android.util.AttributeSet,int)