app/build/outputs/mapping/release/usage.txt
de.robv.android.xposed.installer.BuildConfig
de.robv.android.xposed.installer.CustomActivity:
    private static final java.lang.String JAR_PATH
    private static final java.lang.String JAR_PATH_NEWVERSION
    private static final java.lang.String PREF_LAST_SEEN_BINARY
    private static final int INSTALL_MODE_NORMAL
    private static final int INSTALL_MODE_RECOVERY_AUTO
    private static final int INSTALL_MODE_RECOVERY_MANUAL
de.robv.android.xposed.installer.DownloadDetailsActivity:
    public static final int DOWNLOAD_DESCRIPTION
    public static final int DOWNLOAD_VERSIONS
    public static final int DOWNLOAD_SETTINGS
de.robv.android.xposed.installer.DownloadFragment:
    private static final int SORT_STATUS
    private static final int SORT_UPDATED
    private static final int SORT_CREATED
de.robv.android.xposed.installer.DownloadFragment$DownloadItem:
    public static final int INSTALL_STATUS_NOT_INSTALLED
    public static final int INSTALL_STATUS_INSTALLED
    public static final int INSTALL_STATUS_HAS_UPDATE
de.robv.android.xposed.installer.InstallerFragment:
    private static final java.lang.String JAR_PATH
    private static final java.lang.String JAR_PATH_NEWVERSION
    private static final java.lang.String PREF_LAST_SEEN_BINARY
    private static final int INSTALL_MODE_NORMAL
    private static final int INSTALL_MODE_RECOVERY_AUTO
    private static final int INSTALL_MODE_RECOVERY_MANUAL
de.robv.android.xposed.installer.LogsFragment:
    private static final int MAX_LOG_SIZE
de.robv.android.xposed.installer.ModulesFragment:
    public static final java.lang.String SETTINGS_CATEGORY
    private static final java.lang.String NOT_ACTIVE_NOTE_TAG
    private static final java.lang.String PLAY_STORE_PACKAGE
    private static final java.lang.String PLAY_STORE_LINK
de.robv.android.xposed.installer.R
de.robv.android.xposed.installer.R$anim
de.robv.android.xposed.installer.R$array
de.robv.android.xposed.installer.R$attr
de.robv.android.xposed.installer.R$color
de.robv.android.xposed.installer.R$drawable
de.robv.android.xposed.installer.R$id
de.robv.android.xposed.installer.R$layout
de.robv.android.xposed.installer.R$menu
de.robv.android.xposed.installer.R$string
de.robv.android.xposed.installer.R$style
de.robv.android.xposed.installer.R$xml
de.robv.android.xposed.installer.XposedApp:
    public static final java.lang.String TAG
    public static final java.lang.String BASE_DIR
de.robv.android.xposed.installer.XposedDropdownNavActivity:
    public static final int TAB_INSTALL
    public static final int TAB_MODULES
    public static final int TAB_DOWNLOAD
    public static final int TAB_SETTINGS
    public static final int TAB_LOGS
    public static final int TAB_ABOUT
    public static final int TAB_COUNT
de.robv.android.xposed.installer.XposedInstallerActivity:
    public static final java.lang.String EXTRA_SECTION
    public static final java.lang.String EXTRA_SECTION_LEGACY
de.robv.android.xposed.installer.repo.ModuleGroup:
    32:32:public java.util.List getAllModules()
de.robv.android.xposed.installer.repo.ReleaseType:
    35:35:public int getSummaryId()
de.robv.android.xposed.installer.repo.RepoParser:
    public static final java.lang.String TAG
de.robv.android.xposed.installer.util.AssetUtil:
    public static final java.lang.String STATIC_BUSYBOX_PACKAGE
    private static final int STATIC_BUSYBOX_REQUIRED_VERSION
    17:17:public AssetUtil()
de.robv.android.xposed.installer.util.DownloadsUtil:
    public static final java.lang.String MIME_TYPE_APK
    17:17:public DownloadsUtil()
    148:167:public static void removeOutdated(android.content.Context,long)
de.robv.android.xposed.installer.util.HashUtil:
    10:10:public HashUtil()
    26:26:public static final java.lang.String sha1(java.lang.String)
    52:52:public static final java.lang.String sha1(java.io.File)
...
android.support.v4.media.TransportStateListener
android.support.v4.net.ConnectivityManagerCompat
android.support.v4.net.ConnectivityManagerCompat$BaseConnectivityManagerCompatImpl
android.support.v4.net.ConnectivityManagerCompat$ConnectivityManagerCompatImpl
android.support.v4.net.ConnectivityManagerCompat$GingerbreadConnectivityManagerCompatImpl
android.support.v4.net.ConnectivityManagerCompat$HoneycombMR2ConnectivityManagerCompatImpl
android.support.v4.net.ConnectivityManagerCompat$JellyBeanConnectivityManagerCompatImpl
android.support.v4.net.ConnectivityManagerCompatGingerbread
android.support.v4.net.ConnectivityManagerCompatHoneycombMR2
android.support.v4.net.ConnectivityManagerCompatJellyBean
android.support.v4.net.TrafficStatsCompat
android.support.v4.net.TrafficStatsCompat$1
android.support.v4.net.TrafficStatsCompat$BaseTrafficStatsCompatImpl
android.support.v4.net.TrafficStatsCompat$BaseTrafficStatsCompatImpl$1
android.support.v4.net.TrafficStatsCompat$BaseTrafficStatsCompatImpl$SocketTags
android.support.v4.net.TrafficStatsCompat$IcsTrafficStatsCompatImpl
android.support.v4.net.TrafficStatsCompat$TrafficStatsCompatImpl
android.support.v4.net.TrafficStatsCompatIcs
android.support.v4.os.EnvironmentCompat
android.support.v4.os.EnvironmentCompatKitKat
android.support.v4.os.ParcelableCompat:
    26:42:public ParcelableCompat()
android.support.v4.os.ParcelableCompatCreatorHoneycombMR2Stub:
    22:22:ParcelableCompatCreatorHoneycombMR2Stub()
android.support.v4.print.PrintHelper
android.support.v4.print.PrintHelper$1
android.support.v4.print.PrintHelper$PrintHelperKitkatImpl
android.support.v4.print.PrintHelper$PrintHelperStubImpl
android.support.v4.print.PrintHelper$PrintHelperVersionImpl
android.support.v4.print.PrintHelperKitkat
android.support.v4.print.PrintHelperKitkat$1
android.support.v4.print.PrintHelperKitkat$2
android.support.v4.print.PrintHelperKitkat$2$1
android.support.v4.print.PrintHelperKitkat$2$1$1
android.support.v4.text.BidiFormatter
android.support.v4.text.BidiFormatter$1
android.support.v4.text.BidiFormatter$Builder
android.support.v4.text.BidiFormatter$DirectionalityEstimator
android.support.v4.text.ICUCompat
android.support.v4.text.ICUCompat$ICUCompatImpl
android.support.v4.text.ICUCompat$ICUCompatImplBase
android.support.v4.text.ICUCompat$ICUCompatImplIcs
android.support.v4.text.ICUCompatIcs
android.support.v4.text.TextDirectionHeuristicCompat
android.support.v4.text.TextDirectionHeuristicsCompat
android.support.v4.text.TextDirectionHeuristicsCompat$1
android.support.v4.text.TextDirectionHeuristicsCompat$AnyStrong
android.support.v4.text.TextDirectionHeuristicsCompat$FirstStrong
android.support.v4.text.TextDirectionHeuristicsCompat$TextDirectionAlgorithm
android.support.v4.text.TextDirectionHeuristicsCompat$TextDirectionHeuristicImpl
android.support.v4.text.TextDirectionHeuristicsCompat$TextDirectionHeuristicInternal
android.support.v4.text.TextDirectionHeuristicsCompat$TextDirectionHeuristicLocale
android.support.v4.text.TextUtilsCompat
android.support.v4.util.ArrayMap
android.support.v4.util.ArrayMap$1
android.support.v4.util.AtomicFile
android.support.v4.util.ContainerHelpers
android.support.v4.util.DebugUtils
android.support.v4.util.LogWriter
android.support.v4.util.LongSparseArray
android.support.v4.util.LruCache
android.support.v4.util.MapCollections
android.support.v4.util.MapCollections$ArrayIterator
android.support.v4.util.MapCollections$EntrySet
android.support.v4.util.MapCollections$KeySet
android.support.v4.util.MapCollections$MapIterator
android.support.v4.util.MapCollections$ValuesCollection
android.support.v4.util.SimpleArrayMap
android.support.v4.util.SparseArrayCompat
android.support.v4.util.TimeUtils
android.support.v4.view.AccessibilityDelegateCompatIcs:
    28:30:AccessibilityDelegateCompatIcs()
android.support.v4.view.AccessibilityDelegateCompatJellyBean:
    30:32:AccessibilityDelegateCompatJellyBean()
android.support.v4.view.ActionProvider